# JRE version: Java(TM) SE Runtime Environment (17.0.11+7) (build 17.0.11+7-LTS-207)
# Java VM: Java HotSpot(TM) 64-Bit Server VM (17.0.11+7-LTS-207, mixed mode, sharing, tiered, compressed oops, compressed class ptrs, g1 gc, windows-amd64)
GC Precious Log:
 CPUs: 4 total, 4 available
 Memory: 8110M
 Large Page Support: Disabled
 NUMA Support: Disabled
 Compressed Oops: Enabled (32-bit)
 Heap Region Size: 1M
 Heap Min Capacity: 8M
 Heap Initial Capacity: 128M
 Heap Max Capacity: 2028M
 Pre-touch: Disabled
 Parallel Workers: 4
 Concurrent Workers: 1
 Concurrent Refinement Workers: 4
 Periodic GC: Disabled
Heap:
 garbage-first heap   total 77824K, used 60612K [0x0000000081400000, 0x0000000100000000)
  region size 1024K, 44 young (45056K), 4 survivors (4096K)
 Metaspace       used 41858K, committed 42304K, reserved 1114112K
  class space    used 5108K, committed 5312K, reserved 1048576K
GC Heap History (20 events):
Event: 4.439 GC heap before
{Heap before GC invocations=3 (full 0):
 garbage-first heap   total 131072K, used 69912K [0x0000000081400000, 0x0000000100000000)
  region size 1024K, 64 young (65536K), 3 survivors (3072K)
 Metaspace       used 21217K, committed 21504K, reserved 1114112K
  class space    used 2633K, committed 2752K, reserved 1048576K
}
Event: 4.454 GC heap after
{Heap after GC invocations=4 (full 0):
 garbage-first heap   total 131072K, used 13697K [0x0000000081400000, 0x0000000100000000)
  region size 1024K, 8 young (8192K), 8 survivors (8192K)
 Metaspace       used 21217K, committed 21504K, reserved 1114112K
  class space    used 2633K, committed 2752K, reserved 1048576K
}
Event: 5.558 GC heap before
{Heap before GC invocations=5 (full 0):
 garbage-first heap   total 51200K, used 36225K [0x0000000081400000, 0x0000000100000000)
  region size 1024K, 30 young (30720K), 8 survivors (8192K)
 Metaspace       used 25767K, committed 26112K, reserved 1114112K
  class space    used 3224K, committed 3392K, reserved 1048576K
}
Event: 5.584 GC heap after
{Heap after GC invocations=6 (full 0):
 garbage-first heap   total 51200K, used 16169K [0x0000000081400000, 0x0000000100000000)
  region size 1024K, 3 young (3072K), 3 survivors (3072K)
 Metaspace       used 25767K, committed 26112K, reserved 1114112K
  class space    used 3224K, committed 3392K, reserved 1048576K
}
Event: 5.668 GC heap before
{Heap before GC invocations=6 (full 0):
 garbage-first heap   total 51200K, used 17193K [0x0000000081400000, 0x0000000100000000)
  region size 1024K, 4 young (4096K), 3 survivors (3072K)
 Metaspace       used 26061K, committed 26432K, reserved 1114112K
  class space    used 3256K, committed 3456K, reserved 1048576K
}
Event: 5.681 GC heap after
{Heap after GC invocations=7 (full 0):
 garbage-first heap   total 51200K, used 16559K [0x0000000081400000, 0x0000000100000000)
  region size 1024K, 1 young (1024K), 1 survivors (1024K)
 Metaspace       used 26061K, committed 26432K, reserved 1114112K
  class space    used 3256K, committed 3456K, reserved 1048576K
}
Event: 6.766 GC heap before
{Heap before GC invocations=7 (full 0):
 garbage-first heap   total 51200K, used 34991K [0x0000000081400000, 0x0000000100000000)
  region size 1024K, 19 young (19456K), 1 survivors (1024K)
 Metaspace       used 28390K, committed 28864K, reserved 1114112K
  class space    used 3497K, committed 3712K, reserved 1048576K
}
Event: 6.770 GC heap after
{Heap after GC invocations=8 (full 0):
 garbage-first heap   total 51200K, used 16720K [0x0000000081400000, 0x0000000100000000)
  region size 1024K, 1 young (1024K), 1 survivors (1024K)
 Metaspace       used 28390K, committed 28864K, reserved 1114112K
  class space    used 3497K, committed 3712K, reserved 1048576K
}
Event: 7.350 GC heap before
{Heap before GC invocations=8 (full 0):
 garbage-first heap   total 51200K, used 37200K [0x0000000081400000, 0x0000000100000000)
  region size 1024K, 21 young (21504K), 1 survivors (1024K)
 Metaspace       used 31944K, committed 32512K, reserved 1114112K
  class space    used 3960K, committed 4224K, reserved 1048576K
}
Event: 7.356 GC heap after
{Heap after GC invocations=9 (full 0):
 garbage-first heap   total 51200K, used 17804K [0x0000000081400000, 0x0000000100000000)
  region size 1024K, 2 young (2048K), 2 survivors (2048K)
 Metaspace       used 31944K, committed 32512K, reserved 1114112K
  class space    used 3960K, committed 4224K, reserved 1048576K
}
Event: 7.533 GC heap before
{Heap before GC invocations=9 (full 0):
 garbage-first heap   total 51200K, used 37260K [0x0000000081400000, 0x0000000100000000)
  region size 1024K, 22 young (22528K), 2 survivors (2048K)
 Metaspace       used 32158K, committed 32704K, reserved 1114112K
  class space    used 3968K, committed 4224K, reserved 1048576K
}
Event: 7.537 GC heap after
{Heap after GC invocations=10 (full 0):
 garbage-first heap   total 51200K, used 17923K [0x0000000081400000, 0x0000000100000000)
  region size 1024K, 2 young (2048K), 2 survivors (2048K)
 Metaspace       used 32158K, committed 32704K, reserved 1114112K
  class space    used 3968K, committed 4224K, reserved 1048576K
}
Event: 7.668 GC heap before
{Heap before GC invocations=10 (full 0):
 garbage-first heap   total 51200K, used 37379K [0x0000000081400000, 0x0000000100000000)
  region size 1024K, 22 young (22528K), 2 survivors (2048K)
 Metaspace       used 32278K, committed 32768K, reserved 1114112K
  class space    used 3972K, committed 4224K, reserved 1048576K
}
Event: 7.671 GC heap after
{Heap after GC invocations=11 (full 0):
 garbage-first heap   total 51200K, used 18084K [0x0000000081400000, 0x0000000100000000)
  region size 1024K, 2 young (2048K), 2 survivors (2048K)
 Metaspace       used 32278K, committed 32768K, reserved 1114112K
  class space    used 3972K, committed 4224K, reserved 1048576K
}
Event: 7.827 GC heap before
{Heap before GC invocations=11 (full 0):
 garbage-first heap   total 51200K, used 38564K [0x0000000081400000, 0x0000000100000000)
  region size 1024K, 23 young (23552K), 2 survivors (2048K)
 Metaspace       used 32463K, committed 32896K, reserved 1114112K
  class space    used 3981K, committed 4224K, reserved 1048576K
}
Event: 7.833 GC heap after
{Heap after GC invocations=12 (full 0):
 garbage-first heap   total 77824K, used 18226K [0x0000000081400000, 0x0000000100000000)
  region size 1024K, 2 young (2048K), 2 survivors (2048K)
 Metaspace       used 32463K, committed 32896K, reserved 1114112K
  class space    used 3981K, committed 4224K, reserved 1048576K
}
Event: 8.078 GC heap before
{Heap before GC invocations=12 (full 0):
 garbage-first heap   total 77824K, used 62258K [0x0000000081400000, 0x0000000100000000)
  region size 1024K, 45 young (46080K), 2 survivors (2048K)
 Metaspace       used 32744K, committed 33216K, reserved 1114112K
  class space    used 4001K, committed 4224K, reserved 1048576K
}
Event: 8.081 GC heap after
{Heap after GC invocations=13 (full 0):
 garbage-first heap   total 77824K, used 18398K [0x0000000081400000, 0x0000000100000000)
  region size 1024K, 2 young (2048K), 2 survivors (2048K)
 Metaspace       used 32744K, committed 33216K, reserved 1114112K
  class space    used 4001K, committed 4224K, reserved 1048576K
}
Event: 8.964 GC heap before
{Heap before GC invocations=13 (full 0):
 garbage-first heap   total 77824K, used 43998K [0x0000000081400000, 0x0000000100000000)
  region size 1024K, 28 young (28672K), 2 survivors (2048K)
 Metaspace       used 35511K, committed 35968K, reserved 1114112K
  class space    used 4296K, committed 4544K, reserved 1048576K
}
Event: 8.973 GC heap after
{Heap after GC invocations=14 (full 0):
 garbage-first heap   total 77824K, used 20676K [0x0000000081400000, 0x0000000100000000)
  region size 1024K, 4 young (4096K), 4 survivors (4096K)
 Metaspace       used 35511K, committed 35968K, reserved 1114112K
  class space    used 4296K, committed 4544K, reserved 1048576K
}

